<?xml version="1.0" encoding="UTF-8"?>
<testng-results total="2" passed="0" failed="0" skipped="2">
  <reporter-output>
  </reporter-output>
  <suite started-at="2020-05-12T09:56:14Z" name="Suite" finished-at="2020-05-12T09:56:20Z" duration-ms="5497">
    <groups>
    </groups>
    <test started-at="2020-05-12T09:56:14Z" name="Test" finished-at="2020-05-12T09:56:20Z" duration-ms="5497">
      <class name="Learning.Learning.home_Driver">
        <test-method is-config="true" signature="beforeTest(java.lang.String, java.lang.String)[pri:0, instance:Learning.Learning.home_Driver@13eb8acf]" started-at="2020-05-12T15:26:14Z" name="beforeTest" finished-at="2020-05-12T15:26:14Z" duration-ms="0" status="FAIL">
          <params>
            <param index="0">
              <value>
                <![CDATA[chrome]]>
              </value>
            </param>
            <param index="1">
              <value>
                <![CDATA[Win10]]>
              </value>
            </param>
          </params>
          <exception class="org.openqa.selenium.UnsupportedCommandException">
            <message>
              <![CDATA[Misconfigured -- Invalid type received for 'version', got '80.0' of type '<type 'float'>' but Sauce OnDemand expects 'string'.

The following desired capabilities were received:
{'browserName': 'chrome',
 'platform': 'Win10',
 'version': 80.0}
Command duration or timeout: 4.99 seconds
Build info: version: '2.45.0', revision: '5017cb8e7ca8e37638dc3091b2440b90a1d8686f', time: '2015-02-27 09:10:26'
System info: host: 'DESKTOP-R3LUB47', ip: '192.168.0.104', os.name: 'Windows 10', os.arch: 'amd64', os.version: '10.0', java.version: '14.0.1'
Driver info: org.openqa.selenium.remote.RemoteWebDriver]]>
            </message>
            <full-stacktrace>
              <![CDATA[org.openqa.selenium.UnsupportedCommandException: Misconfigured -- Invalid type received for 'version', got '80.0' of type '<type 'float'>' but Sauce OnDemand expects 'string'.

The following desired capabilities were received:
{'browserName': 'chrome',
 'platform': 'Win10',
 'version': 80.0}
Command duration or timeout: 4.99 seconds
Build info: version: '2.45.0', revision: '5017cb8e7ca8e37638dc3091b2440b90a1d8686f', time: '2015-02-27 09:10:26'
System info: host: 'DESKTOP-R3LUB47', ip: '192.168.0.104', os.name: 'Windows 10', os.arch: 'amd64', os.version: '10.0', java.version: '14.0.1'
Driver info: org.openqa.selenium.remote.RemoteWebDriver
	at java.base/jdk.internal.reflect.NativeConstructorAccessorImpl.newInstance0(Native Method)
	at java.base/jdk.internal.reflect.NativeConstructorAccessorImpl.newInstance(NativeConstructorAccessorImpl.java:62)
	at java.base/jdk.internal.reflect.DelegatingConstructorAccessorImpl.newInstance(DelegatingConstructorAccessorImpl.java:45)
	at java.base/java.lang.reflect.Constructor.newInstanceWithCaller(Constructor.java:500)
	at java.base/java.lang.reflect.Constructor.newInstance(Constructor.java:481)
	at org.openqa.selenium.remote.ErrorHandler.createThrowable(ErrorHandler.java:204)
	at org.openqa.selenium.remote.ErrorHandler.throwIfResponseFailed(ErrorHandler.java:156)
	at org.openqa.selenium.remote.RemoteWebDriver.execute(RemoteWebDriver.java:599)
	at org.openqa.selenium.remote.RemoteWebDriver.startSession(RemoteWebDriver.java:240)
	at org.openqa.selenium.remote.RemoteWebDriver.<init>(RemoteWebDriver.java:126)
	at org.openqa.selenium.remote.RemoteWebDriver.<init>(RemoteWebDriver.java:153)
	at reusableComponent.reusablemethods.browserSetup(reusablemethods.java:31)
	at Learning.Learning.home_Driver.beforeTest(home_Driver.java:34)
	at java.base/jdk.internal.reflect.NativeMethodAccessorImpl.invoke0(Native Method)
	at java.base/jdk.internal.reflect.NativeMethodAccessorImpl.invoke(NativeMethodAccessorImpl.java:62)
	at java.base/jdk.internal.reflect.DelegatingMethodAccessorImpl.invoke(DelegatingMethodAccessorImpl.java:43)
	at java.base/java.lang.reflect.Method.invoke(Method.java:564)
	at org.testng.internal.MethodInvocationHelper.invokeMethod(MethodInvocationHelper.java:84)
	at org.testng.internal.Invoker.invokeConfigurationMethod(Invoker.java:564)
	at org.testng.internal.Invoker.invokeConfigurations(Invoker.java:213)
	at org.testng.internal.Invoker.invokeConfigurations(Invoker.java:138)
	at org.testng.TestRunner.beforeRun(TestRunner.java:641)
	at org.testng.TestRunner.run(TestRunner.java:609)
	at org.testng.SuiteRunner.runTest(SuiteRunner.java:348)
	at org.testng.SuiteRunner.runSequentially(SuiteRunner.java:343)
	at org.testng.SuiteRunner.privateRun(SuiteRunner.java:305)
	at org.testng.SuiteRunner.run(SuiteRunner.java:254)
	at org.testng.SuiteRunnerWorker.runSuite(SuiteRunnerWorker.java:52)
	at org.testng.SuiteRunnerWorker.run(SuiteRunnerWorker.java:86)
	at org.testng.TestNG.runSuitesSequentially(TestNG.java:1224)
	at org.testng.TestNG.runSuitesLocally(TestNG.java:1149)
	at org.testng.TestNG.run(TestNG.java:1057)
	at org.apache.maven.surefire.testng.TestNGExecutor.run(TestNGExecutor.java:293)
	at org.apache.maven.surefire.testng.TestNGXmlTestSuite.execute(TestNGXmlTestSuite.java:84)
	at org.apache.maven.surefire.testng.TestNGProvider.invoke(TestNGProvider.java:91)
	at org.apache.maven.surefire.booter.ForkedBooter.invokeProviderInSameClassLoader(ForkedBooter.java:200)
	at org.apache.maven.surefire.booter.ForkedBooter.runSuitesInProcess(ForkedBooter.java:153)
	at org.apache.maven.surefire.booter.ForkedBooter.main(ForkedBooter.java:103)
]]>
            </full-stacktrace>
          </exception> <!-- org.openqa.selenium.UnsupportedCommandException -->
          <reporter-output>
          </reporter-output>
        </test-method> <!-- beforeTest -->
        <test-method signature="f(java.lang.Integer, java.lang.String)[pri:0, instance:Learning.Learning.home_Driver@13eb8acf]" started-at="2020-05-12T15:26:20Z" name="f" data-provider="dp" finished-at="2020-05-12T15:26:20Z" duration-ms="1" status="SKIP">
          <params>
            <param index="0">
              <value>
                <![CDATA[1]]>
              </value>
            </param>
            <param index="1">
              <value>
                <![CDATA[a]]>
              </value>
            </param>
          </params>
          <reporter-output>
          </reporter-output>
        </test-method> <!-- f -->
        <test-method is-config="true" signature="afterMethod(org.testng.ITestResult)[pri:0, instance:Learning.Learning.home_Driver@13eb8acf]" started-at="2020-05-12T15:26:20Z" name="afterMethod" finished-at="2020-05-12T15:26:20Z" duration-ms="0" status="SKIP">
          <reporter-output>
          </reporter-output>
        </test-method> <!-- afterMethod -->
        <test-method signature="f(java.lang.Integer, java.lang.String)[pri:0, instance:Learning.Learning.home_Driver@13eb8acf]" started-at="2020-05-12T15:26:20Z" name="f" data-provider="dp" finished-at="2020-05-12T15:26:20Z" duration-ms="1" status="SKIP">
          <params>
            <param index="0">
              <value>
                <![CDATA[2]]>
              </value>
            </param>
            <param index="1">
              <value>
                <![CDATA[b]]>
              </value>
            </param>
          </params>
          <reporter-output>
          </reporter-output>
        </test-method> <!-- f -->
        <test-method is-config="true" signature="afterMethod(org.testng.ITestResult)[pri:0, instance:Learning.Learning.home_Driver@13eb8acf]" started-at="2020-05-12T15:26:20Z" name="afterMethod" finished-at="2020-05-12T15:26:20Z" duration-ms="0" status="SKIP">
          <reporter-output>
          </reporter-output>
        </test-method> <!-- afterMethod -->
        <test-method is-config="true" signature="afterTest()[pri:0, instance:Learning.Learning.home_Driver@13eb8acf]" started-at="2020-05-12T15:26:20Z" name="afterTest" finished-at="2020-05-12T15:26:20Z" duration-ms="0" status="SKIP">
          <reporter-output>
          </reporter-output>
        </test-method> <!-- afterTest -->
      </class> <!-- Learning.Learning.home_Driver -->
    </test> <!-- Test -->
  </suite> <!-- Suite -->
</testng-results>
