<?xml version="1.0" encoding="UTF-8"?>
<testng-results total="2" passed="2" failed="0" skipped="0">
  <reporter-output>
    <line>
      <![CDATA[New Test case Execution started:- Test case number: 5]]>
    </line>
    <line>
      <![CDATA[BrowserLaunched]]>
    </line>
  </reporter-output>
  <suite started-at="2020-05-13T06:13:09Z" name="Suite" finished-at="2020-05-13T06:13:38Z" duration-ms="28798">
    <groups>
    </groups>
    <test started-at="2020-05-13T06:13:09Z" name="Test" finished-at="2020-05-13T06:13:38Z" duration-ms="28798">
      <class name="Learning.Learning.home_Driver">
        <test-method is-config="true" signature="beforeSuite()[pri:0, instance:Learning.Learning.home_Driver@3b2da18f]" started-at="2020-05-13T11:43:08Z" name="beforeSuite" finished-at="2020-05-13T11:43:09Z" duration-ms="248" status="PASS">
          <reporter-output>
          </reporter-output>
        </test-method> <!-- beforeSuite -->
        <test-method is-config="true" signature="beforeTest(java.lang.String, java.lang.String)[pri:0, instance:Learning.Learning.home_Driver@3b2da18f]" started-at="2020-05-13T11:43:09Z" name="beforeTest" finished-at="2020-05-13T11:43:22Z" duration-ms="13089" status="PASS">
          <params>
            <param index="0">
              <value>
                <![CDATA[chrome]]>
              </value>
            </param>
            <param index="1">
              <value>
                <![CDATA[Windows 10]]>
              </value>
            </param>
          </params>
          <reporter-output>
          </reporter-output>
        </test-method> <!-- beforeTest -->
        <test-method signature="setUp(java.lang.String, java.lang.String, java.lang.String)[pri:0, instance:Learning.Learning.home_Driver@3b2da18f]" started-at="2020-05-13T11:43:22Z" name="setUp" data-provider="dp" finished-at="2020-05-13T11:43:37Z" duration-ms="14774" status="PASS">
          <params>
            <param index="0">
              <value>
                <![CDATA[5]]>
              </value>
            </param>
            <param index="1">
              <value>
                <![CDATA[YES]]>
              </value>
            </param>
            <param index="2">
              <value>
                <![CDATA[Venkatesh]]>
              </value>
            </param>
          </params>
          <reporter-output>
            <line>
              <![CDATA[New Test case Execution started:- Test case number: 5]]>
            </line>
            <line>
              <![CDATA[BrowserLaunched]]>
            </line>
          </reporter-output>
        </test-method> <!-- setUp -->
        <test-method is-config="true" signature="afterMethod(org.testng.ITestResult)[pri:0, instance:Learning.Learning.home_Driver@3b2da18f]" started-at="2020-05-13T11:43:37Z" name="afterMethod" finished-at="2020-05-13T11:43:37Z" duration-ms="1" status="PASS">
          <params>
            <param index="0">
              <value>
                <![CDATA[[TestResult name=setUp status=SUCCESS method=home_Driver.setUp(java.lang.String, java.lang.String, java.lang.String)[pri:0, instance:Learning.Learning.home_Driver@3b2da18f] output=New Test case Execution started:- Test case number: 5]]]>
              </value>
            </param>
          </params>
          <reporter-output>
          </reporter-output>
        </test-method> <!-- afterMethod -->
        <test-method signature="setUp(java.lang.String, java.lang.String, java.lang.String)[pri:0, instance:Learning.Learning.home_Driver@3b2da18f]" started-at="2020-05-13T11:43:37Z" name="setUp" data-provider="dp" finished-at="2020-05-13T11:43:37Z" duration-ms="11" status="PASS">
          <params>
            <param index="0">
              <value>
                <![CDATA[6]]>
              </value>
            </param>
            <param index="1">
              <value>
                <![CDATA[no]]>
              </value>
            </param>
            <param index="2">
              <value>
                <![CDATA[Mailapalli]]>
              </value>
            </param>
          </params>
          <reporter-output>
          </reporter-output>
        </test-method> <!-- setUp -->
        <test-method is-config="true" signature="afterMethod(org.testng.ITestResult)[pri:0, instance:Learning.Learning.home_Driver@3b2da18f]" started-at="2020-05-13T11:43:37Z" name="afterMethod" finished-at="2020-05-13T11:43:37Z" duration-ms="0" status="PASS">
          <params>
            <param index="0">
              <value>
                <![CDATA[[TestResult name=setUp status=SUCCESS method=home_Driver.setUp(java.lang.String, java.lang.String, java.lang.String)[pri:0, instance:Learning.Learning.home_Driver@3b2da18f] output={null}]]]>
              </value>
            </param>
          </params>
          <reporter-output>
          </reporter-output>
        </test-method> <!-- afterMethod -->
        <test-method is-config="true" signature="afterTest()[pri:0, instance:Learning.Learning.home_Driver@3b2da18f]" started-at="2020-05-13T11:43:37Z" name="afterTest" finished-at="2020-05-13T11:43:38Z" duration-ms="746" status="PASS">
          <reporter-output>
          </reporter-output>
        </test-method> <!-- afterTest -->
        <test-method is-config="true" signature="afterSuite()[pri:0, instance:Learning.Learning.home_Driver@3b2da18f]" started-at="2020-05-13T11:43:38Z" name="afterSuite" finished-at="2020-05-13T11:43:38Z" duration-ms="436" status="PASS">
          <reporter-output>
          </reporter-output>
        </test-method> <!-- afterSuite -->
      </class> <!-- Learning.Learning.home_Driver -->
    </test> <!-- Test -->
  </suite> <!-- Suite -->
</testng-results>
